2025-05-08 17:21:21,226 - 23rdNov24_CoverFox -INFO - Welcome To CoverFoxTesting 
2025-05-08 17:21:25,596 - 23rdNov24_CoverFox -INFO - launching Browser
2025-05-08 17:21:26,336 - 23rdNov24_CoverFox -INFO - Clicking On Gender
2025-05-08 17:21:26,847 - 23rdNov24_CoverFox -INFO - Click In Next Button Health Page
2025-05-08 17:21:31,016 - 23rdNov24_CoverFox -INFO - HandleAgeDropDown
2025-05-08 17:21:31,185 - 23rdNov24_CoverFox -INFO - click on coverFox Member Details 
2025-05-08 17:21:31,678 - 23rdNov24_CoverFox -INFO - enter pin code
2025-05-08 17:21:31,897 - 23rdNov24_CoverFox -INFO - enter mobile no
2025-05-08 17:21:32,040 - 23rdNov24_CoverFox -INFO - Clicking on coverFox address details
2025-05-08 17:22:25,073 - 23rdNov24_CoverFox -INFO - Welcome To CoverFoxTesting 
2025-05-08 17:22:28,059 - 23rdNov24_CoverFox -INFO - launching Browser
2025-05-08 17:22:28,758 - 23rdNov24_CoverFox -INFO - Clicking On Gender
2025-05-08 17:22:29,437 - 23rdNov24_CoverFox -INFO - Click In Next Button Health Page
2025-05-08 17:23:04,600 - 23rdNov24_CoverFox -INFO - Welcome To CoverFoxTesting 
2025-05-08 17:23:07,397 - 23rdNov24_CoverFox -INFO - launching Browser
2025-05-08 17:23:08,021 - 23rdNov24_CoverFox -INFO - Clicking On Gender
2025-05-08 17:23:08,536 - 23rdNov24_CoverFox -INFO - Click In Next Button Health Page
2025-05-08 17:23:12,770 - 23rdNov24_CoverFox -INFO - HandleAgeDropDown
2025-05-08 17:23:12,846 - 23rdNov24_CoverFox -INFO - click on coverFox Member Details 
2025-05-08 17:23:13,401 - 23rdNov24_CoverFox -INFO - enter pin code
2025-05-08 17:23:13,624 - 23rdNov24_CoverFox -INFO - enter mobile no
2025-05-08 17:23:13,778 - 23rdNov24_CoverFox -INFO - Clicking on coverFox address details
2025-05-08 17:28:03,311 - 23rdNov24_CoverFox -INFO - Welcome To CoverFoxTesting 
2025-05-08 17:28:06,034 - 23rdNov24_CoverFox -INFO - launching Browser
2025-05-08 17:28:06,526 - 23rdNov24_CoverFox -INFO - Clicking On Gender
2025-05-08 17:28:07,034 - 23rdNov24_CoverFox -INFO - Click In Next Button Health Page
2025-05-08 17:28:11,198 - 23rdNov24_CoverFox -INFO - HandleAgeDropDown
2025-05-08 17:28:11,303 - 23rdNov24_CoverFox -INFO - click on coverFox Member Details 
2025-05-08 17:28:11,738 - 23rdNov24_CoverFox -INFO - enter pin code
2025-05-08 17:28:11,958 - 23rdNov24_CoverFox -INFO - enter mobile no
2025-05-08 17:28:12,128 - 23rdNov24_CoverFox -INFO - Clicking on coverFox address details
2025-05-08 17:31:20,166 - 23rdNov24_CoverFox -INFO - Welcome To CoverFoxTesting 
2025-05-08 17:31:23,011 - 23rdNov24_CoverFox -INFO - launching Browser
2025-05-08 17:31:23,622 - 23rdNov24_CoverFox -INFO - Clicking On Gender
2025-05-08 17:31:24,135 - 23rdNov24_CoverFox -INFO - Click In Next Button Health Page
2025-05-08 17:31:28,212 - 23rdNov24_CoverFox -INFO - HandleAgeDropDown
2025-05-08 17:31:28,312 - 23rdNov24_CoverFox -INFO - click on coverFox Member Details 
2025-05-08 17:31:28,774 - 23rdNov24_CoverFox -INFO - enter pin code
2025-05-08 17:31:28,982 - 23rdNov24_CoverFox -INFO - enter mobile no
2025-05-08 17:31:29,120 - 23rdNov24_CoverFox -INFO - Clicking on coverFox address details
2025-05-10 22:45:25,167 - 23rdNov24_CoverFox -INFO - Welcome To CoverFoxTesting 
2025-05-10 22:45:31,867 - 23rdNov24_CoverFox -INFO - launching Browser
2025-05-10 22:45:32,675 - 23rdNov24_CoverFox -INFO - Clicking On Gender
2025-05-10 22:45:33,174 - 23rdNov24_CoverFox -INFO - Click In Next Button Health Page
2025-05-10 22:45:37,346 - 23rdNov24_CoverFox -INFO - HandleAgeDropDown
2025-05-10 22:45:37,412 - 23rdNov24_CoverFox -INFO - click on coverFox Member Details 
2025-05-10 22:45:37,890 - 23rdNov24_CoverFox -INFO - enter pin code
2025-05-10 22:45:38,003 - 23rdNov24_CoverFox -INFO - enter mobile no
2025-05-10 22:45:38,083 - 23rdNov24_CoverFox -INFO - Clicking on coverFox address details
2025-05-10 22:48:04,937 - 23rdNov24_CoverFox -INFO - Welcome To CoverFoxTesting 
2025-05-10 22:48:07,823 - 23rdNov24_CoverFox -INFO - launching Browser
2025-05-10 22:48:08,365 - 23rdNov24_CoverFox -INFO - Clicking On Gender
2025-05-10 22:48:08,839 - 23rdNov24_CoverFox -INFO - Click In Next Button Health Page
2025-05-10 22:48:12,891 - 23rdNov24_CoverFox -INFO - HandleAgeDropDown
2025-05-10 22:48:12,953 - 23rdNov24_CoverFox -INFO - click on coverFox Member Details 
2025-05-10 22:48:13,368 - 23rdNov24_CoverFox -INFO - enter pin code
2025-05-10 22:48:13,478 - 23rdNov24_CoverFox -INFO - enter mobile no
2025-05-10 22:48:13,563 - 23rdNov24_CoverFox -INFO - Clicking on coverFox address details
2025-05-10 22:48:56,241 - 23rdNov24_CoverFox -INFO - Welcome To CoverFoxTesting 
2025-05-10 22:48:59,673 - 23rdNov24_CoverFox -INFO - launching Browser
2025-05-10 22:49:00,473 - 23rdNov24_CoverFox -INFO - Clicking On Gender
2025-05-10 22:49:00,955 - 23rdNov24_CoverFox -INFO - Click In Next Button Health Page
2025-05-10 22:49:04,855 - 23rdNov24_CoverFox -INFO - HandleAgeDropDown
2025-05-10 22:49:04,917 - 23rdNov24_CoverFox -INFO - click on coverFox Member Details 
2025-05-10 22:49:05,403 - 23rdNov24_CoverFox -INFO - enter pin code
2025-05-10 22:49:05,498 - 23rdNov24_CoverFox -INFO - enter mobile no
2025-05-10 22:49:05,571 - 23rdNov24_CoverFox -INFO - Clicking on coverFox address details
2025-05-10 22:51:00,777 - 23rdNov24_CoverFox -INFO - Welcome To CoverFoxTesting 
2025-05-10 22:51:03,804 - 23rdNov24_CoverFox -INFO - launching Browser
2025-05-10 22:51:04,405 - 23rdNov24_CoverFox -INFO - Clicking On Gender
2025-05-10 22:51:04,899 - 23rdNov24_CoverFox -INFO - Click In Next Button Health Page
2025-05-10 22:51:08,917 - 23rdNov24_CoverFox -INFO - HandleAgeDropDown
2025-05-10 22:51:08,969 - 23rdNov24_CoverFox -INFO - click on coverFox Member Details 
2025-05-10 22:51:09,416 - 23rdNov24_CoverFox -INFO - enter pin code
2025-05-10 22:51:09,507 - 23rdNov24_CoverFox -INFO - enter mobile no
2025-05-10 22:51:09,602 - 23rdNov24_CoverFox -INFO - Clicking on coverFox address details
2025-05-10 22:51:18,889 - 23rdNov24_CoverFox -WARN - if test case is failed
2025-05-10 22:51:36,193 - 23rdNov24_CoverFox -INFO - Welcome To CoverFoxTesting 
2025-05-10 22:51:39,753 - 23rdNov24_CoverFox -INFO - launching Browser
2025-05-10 22:51:40,507 - 23rdNov24_CoverFox -INFO - Clicking On Gender
2025-05-10 22:51:41,000 - 23rdNov24_CoverFox -INFO - Click In Next Button Health Page
2025-05-10 22:51:44,954 - 23rdNov24_CoverFox -INFO - HandleAgeDropDown
2025-05-10 22:51:45,005 - 23rdNov24_CoverFox -INFO - click on coverFox Member Details 
2025-05-10 22:51:45,521 - 23rdNov24_CoverFox -INFO - enter pin code
2025-05-10 22:51:45,614 - 23rdNov24_CoverFox -INFO - enter mobile no
2025-05-10 22:51:45,689 - 23rdNov24_CoverFox -INFO - Clicking on coverFox address details
2025-05-10 22:51:54,980 - 23rdNov24_CoverFox -WARN - if test case is failed
2025-05-10 22:58:08,601 - 23rdNov24_CoverFox -INFO - Welcome To CoverFoxTesting 
2025-05-10 22:58:11,521 - 23rdNov24_CoverFox -INFO - launching Browser
2025-05-10 22:58:12,168 - 23rdNov24_CoverFox -INFO - Clicking On Gender
2025-05-10 22:58:12,670 - 23rdNov24_CoverFox -INFO - Click In Next Button Health Page
2025-05-10 22:58:16,766 - 23rdNov24_CoverFox -INFO - HandleAgeDropDown
2025-05-10 22:58:16,827 - 23rdNov24_CoverFox -INFO - click on coverFox Member Details 
2025-05-10 22:58:17,242 - 23rdNov24_CoverFox -INFO - enter pin code
2025-05-10 22:58:17,345 - 23rdNov24_CoverFox -INFO - enter mobile no
2025-05-10 22:58:17,437 - 23rdNov24_CoverFox -INFO - Clicking on coverFox address details
2025-05-10 22:58:26,671 - 23rdNov24_CoverFox -WARN - if test case is failed
2025-05-10 22:58:39,782 - 23rdNov24_CoverFox -INFO - Welcome To CoverFoxTesting 
2025-05-10 22:58:43,396 - 23rdNov24_CoverFox -INFO - launching Browser
2025-05-10 22:58:44,303 - 23rdNov24_CoverFox -INFO - Clicking On Gender
2025-05-10 22:58:44,820 - 23rdNov24_CoverFox -INFO - Click In Next Button Health Page
2025-05-10 22:58:48,912 - 23rdNov24_CoverFox -INFO - HandleAgeDropDown
2025-05-10 22:58:48,981 - 23rdNov24_CoverFox -INFO - click on coverFox Member Details 
2025-05-10 22:58:49,474 - 23rdNov24_CoverFox -INFO - enter pin code
2025-05-10 22:58:49,591 - 23rdNov24_CoverFox -INFO - enter mobile no
2025-05-10 22:58:49,662 - 23rdNov24_CoverFox -INFO - Clicking on coverFox address details
2025-05-10 22:58:58,917 - 23rdNov24_CoverFox -WARN - if test case is failed
