2025-05-08 17:21:21,226 [main] INFO 23rdNov24_CoverFox - Welcome To CoverFoxTesting 
2025-05-08 17:21:25,596 [main] INFO 23rdNov24_CoverFox - launching Browser
2025-05-08 17:21:26,336 [main] INFO 23rdNov24_CoverFox - Clicking On Gender
2025-05-08 17:21:26,847 [main] INFO 23rdNov24_CoverFox - Click In Next Button Health Page
2025-05-08 17:21:31,016 [main] INFO 23rdNov24_CoverFox - HandleAgeDropDown
2025-05-08 17:21:31,185 [main] INFO 23rdNov24_CoverFox - click on coverFox Member Details 
2025-05-08 17:21:31,678 [main] INFO 23rdNov24_CoverFox - enter pin code
2025-05-08 17:21:31,897 [main] INFO 23rdNov24_CoverFox - enter mobile no
2025-05-08 17:21:32,040 [main] INFO 23rdNov24_CoverFox - Clicking on coverFox address details
2025-05-08 17:22:25,073 [main] INFO 23rdNov24_CoverFox - Welcome To CoverFoxTesting 
2025-05-08 17:22:28,059 [main] INFO 23rdNov24_CoverFox - launching Browser
2025-05-08 17:22:28,758 [main] INFO 23rdNov24_CoverFox - Clicking On Gender
2025-05-08 17:22:29,437 [main] INFO 23rdNov24_CoverFox - Click In Next Button Health Page
2025-05-08 17:23:04,600 [main] INFO 23rdNov24_CoverFox - Welcome To CoverFoxTesting 
2025-05-08 17:23:07,397 [main] INFO 23rdNov24_CoverFox - launching Browser
2025-05-08 17:23:08,021 [main] INFO 23rdNov24_CoverFox - Clicking On Gender
2025-05-08 17:23:08,536 [main] INFO 23rdNov24_CoverFox - Click In Next Button Health Page
2025-05-08 17:23:12,770 [main] INFO 23rdNov24_CoverFox - HandleAgeDropDown
2025-05-08 17:23:12,846 [main] INFO 23rdNov24_CoverFox - click on coverFox Member Details 
2025-05-08 17:23:13,401 [main] INFO 23rdNov24_CoverFox - enter pin code
2025-05-08 17:23:13,624 [main] INFO 23rdNov24_CoverFox - enter mobile no
2025-05-08 17:23:13,778 [main] INFO 23rdNov24_CoverFox - Clicking on coverFox address details
2025-05-08 17:28:03,311 [main] INFO 23rdNov24_CoverFox - Welcome To CoverFoxTesting 
2025-05-08 17:28:06,034 [main] INFO 23rdNov24_CoverFox - launching Browser
2025-05-08 17:28:06,526 [main] INFO 23rdNov24_CoverFox - Clicking On Gender
2025-05-08 17:28:07,034 [main] INFO 23rdNov24_CoverFox - Click In Next Button Health Page
2025-05-08 17:28:11,198 [main] INFO 23rdNov24_CoverFox - HandleAgeDropDown
2025-05-08 17:28:11,303 [main] INFO 23rdNov24_CoverFox - click on coverFox Member Details 
2025-05-08 17:28:11,738 [main] INFO 23rdNov24_CoverFox - enter pin code
2025-05-08 17:28:11,958 [main] INFO 23rdNov24_CoverFox - enter mobile no
2025-05-08 17:28:12,128 [main] INFO 23rdNov24_CoverFox - Clicking on coverFox address details
2025-05-08 17:31:20,166 [main] INFO 23rdNov24_CoverFox - Welcome To CoverFoxTesting 
2025-05-08 17:31:23,011 [main] INFO 23rdNov24_CoverFox - launching Browser
2025-05-08 17:31:23,622 [main] INFO 23rdNov24_CoverFox - Clicking On Gender
2025-05-08 17:31:24,135 [main] INFO 23rdNov24_CoverFox - Click In Next Button Health Page
2025-05-08 17:31:28,212 [main] INFO 23rdNov24_CoverFox - HandleAgeDropDown
2025-05-08 17:31:28,312 [main] INFO 23rdNov24_CoverFox - click on coverFox Member Details 
2025-05-08 17:31:28,774 [main] INFO 23rdNov24_CoverFox - enter pin code
2025-05-08 17:31:28,982 [main] INFO 23rdNov24_CoverFox - enter mobile no
2025-05-08 17:31:29,120 [main] INFO 23rdNov24_CoverFox - Clicking on coverFox address details
2025-05-10 22:45:25,167 [main] INFO 23rdNov24_CoverFox - Welcome To CoverFoxTesting 
2025-05-10 22:45:31,867 [main] INFO 23rdNov24_CoverFox - launching Browser
2025-05-10 22:45:32,675 [main] INFO 23rdNov24_CoverFox - Clicking On Gender
2025-05-10 22:45:33,174 [main] INFO 23rdNov24_CoverFox - Click In Next Button Health Page
2025-05-10 22:45:37,346 [main] INFO 23rdNov24_CoverFox - HandleAgeDropDown
2025-05-10 22:45:37,412 [main] INFO 23rdNov24_CoverFox - click on coverFox Member Details 
2025-05-10 22:45:37,890 [main] INFO 23rdNov24_CoverFox - enter pin code
2025-05-10 22:45:38,003 [main] INFO 23rdNov24_CoverFox - enter mobile no
2025-05-10 22:45:38,083 [main] INFO 23rdNov24_CoverFox - Clicking on coverFox address details
2025-05-10 22:48:04,937 [main] INFO 23rdNov24_CoverFox - Welcome To CoverFoxTesting 
2025-05-10 22:48:07,823 [main] INFO 23rdNov24_CoverFox - launching Browser
2025-05-10 22:48:08,365 [main] INFO 23rdNov24_CoverFox - Clicking On Gender
2025-05-10 22:48:08,839 [main] INFO 23rdNov24_CoverFox - Click In Next Button Health Page
2025-05-10 22:48:12,891 [main] INFO 23rdNov24_CoverFox - HandleAgeDropDown
2025-05-10 22:48:12,953 [main] INFO 23rdNov24_CoverFox - click on coverFox Member Details 
2025-05-10 22:48:13,368 [main] INFO 23rdNov24_CoverFox - enter pin code
2025-05-10 22:48:13,478 [main] INFO 23rdNov24_CoverFox - enter mobile no
2025-05-10 22:48:13,563 [main] INFO 23rdNov24_CoverFox - Clicking on coverFox address details
2025-05-10 22:48:56,241 [main] INFO 23rdNov24_CoverFox - Welcome To CoverFoxTesting 
2025-05-10 22:48:59,673 [main] INFO 23rdNov24_CoverFox - launching Browser
2025-05-10 22:49:00,473 [main] INFO 23rdNov24_CoverFox - Clicking On Gender
2025-05-10 22:49:00,955 [main] INFO 23rdNov24_CoverFox - Click In Next Button Health Page
2025-05-10 22:49:04,855 [main] INFO 23rdNov24_CoverFox - HandleAgeDropDown
2025-05-10 22:49:04,917 [main] INFO 23rdNov24_CoverFox - click on coverFox Member Details 
2025-05-10 22:49:05,403 [main] INFO 23rdNov24_CoverFox - enter pin code
2025-05-10 22:49:05,498 [main] INFO 23rdNov24_CoverFox - enter mobile no
2025-05-10 22:49:05,571 [main] INFO 23rdNov24_CoverFox - Clicking on coverFox address details
2025-05-10 22:51:00,777 [main] INFO 23rdNov24_CoverFox - Welcome To CoverFoxTesting 
2025-05-10 22:51:03,804 [main] INFO 23rdNov24_CoverFox - launching Browser
2025-05-10 22:51:04,405 [main] INFO 23rdNov24_CoverFox - Clicking On Gender
2025-05-10 22:51:04,899 [main] INFO 23rdNov24_CoverFox - Click In Next Button Health Page
2025-05-10 22:51:08,917 [main] INFO 23rdNov24_CoverFox - HandleAgeDropDown
2025-05-10 22:51:08,969 [main] INFO 23rdNov24_CoverFox - click on coverFox Member Details 
2025-05-10 22:51:09,416 [main] INFO 23rdNov24_CoverFox - enter pin code
2025-05-10 22:51:09,507 [main] INFO 23rdNov24_CoverFox - enter mobile no
2025-05-10 22:51:09,602 [main] INFO 23rdNov24_CoverFox - Clicking on coverFox address details
2025-05-10 22:51:18,889 [main] WARN 23rdNov24_CoverFox - if test case is failed
2025-05-10 22:51:36,193 [main] INFO 23rdNov24_CoverFox - Welcome To CoverFoxTesting 
2025-05-10 22:51:39,753 [main] INFO 23rdNov24_CoverFox - launching Browser
2025-05-10 22:51:40,507 [main] INFO 23rdNov24_CoverFox - Clicking On Gender
2025-05-10 22:51:41,000 [main] INFO 23rdNov24_CoverFox - Click In Next Button Health Page
2025-05-10 22:51:44,954 [main] INFO 23rdNov24_CoverFox - HandleAgeDropDown
2025-05-10 22:51:45,005 [main] INFO 23rdNov24_CoverFox - click on coverFox Member Details 
2025-05-10 22:51:45,521 [main] INFO 23rdNov24_CoverFox - enter pin code
2025-05-10 22:51:45,614 [main] INFO 23rdNov24_CoverFox - enter mobile no
2025-05-10 22:51:45,689 [main] INFO 23rdNov24_CoverFox - Clicking on coverFox address details
2025-05-10 22:51:54,980 [main] WARN 23rdNov24_CoverFox - if test case is failed
2025-05-10 22:58:08,601 [main] INFO 23rdNov24_CoverFox - Welcome To CoverFoxTesting 
2025-05-10 22:58:11,521 [main] INFO 23rdNov24_CoverFox - launching Browser
2025-05-10 22:58:12,168 [main] INFO 23rdNov24_CoverFox - Clicking On Gender
2025-05-10 22:58:12,670 [main] INFO 23rdNov24_CoverFox - Click In Next Button Health Page
2025-05-10 22:58:16,766 [main] INFO 23rdNov24_CoverFox - HandleAgeDropDown
2025-05-10 22:58:16,827 [main] INFO 23rdNov24_CoverFox - click on coverFox Member Details 
2025-05-10 22:58:17,242 [main] INFO 23rdNov24_CoverFox - enter pin code
2025-05-10 22:58:17,345 [main] INFO 23rdNov24_CoverFox - enter mobile no
2025-05-10 22:58:17,437 [main] INFO 23rdNov24_CoverFox - Clicking on coverFox address details
2025-05-10 22:58:26,671 [main] WARN 23rdNov24_CoverFox - if test case is failed
2025-05-10 22:58:39,782 [main] INFO 23rdNov24_CoverFox - Welcome To CoverFoxTesting 
2025-05-10 22:58:43,396 [main] INFO 23rdNov24_CoverFox - launching Browser
2025-05-10 22:58:44,303 [main] INFO 23rdNov24_CoverFox - Clicking On Gender
2025-05-10 22:58:44,820 [main] INFO 23rdNov24_CoverFox - Click In Next Button Health Page
2025-05-10 22:58:48,912 [main] INFO 23rdNov24_CoverFox - HandleAgeDropDown
2025-05-10 22:58:48,981 [main] INFO 23rdNov24_CoverFox - click on coverFox Member Details 
2025-05-10 22:58:49,474 [main] INFO 23rdNov24_CoverFox - enter pin code
2025-05-10 22:58:49,591 [main] INFO 23rdNov24_CoverFox - enter mobile no
2025-05-10 22:58:49,662 [main] INFO 23rdNov24_CoverFox - Clicking on coverFox address details
2025-05-10 22:58:58,917 [main] WARN 23rdNov24_CoverFox - if test case is failed
2025-05-18 00:03:36,942 [main] INFO 23rdNov24_CoverFox - Welcome To CoverFoxTesting 
2025-05-18 00:03:48,968 [main] INFO 23rdNov24_CoverFox - launching Browser
2025-05-18 00:03:52,254 [main] INFO 23rdNov24_CoverFox - Clicking On Gender
2025-05-18 00:03:53,442 [main] INFO 23rdNov24_CoverFox - Click In Next Button Health Page
2025-05-18 00:04:03,026 [main] INFO 23rdNov24_CoverFox - HandleAgeDropDown
2025-05-18 00:04:03,232 [main] INFO 23rdNov24_CoverFox - click on coverFox Member Details 
2025-05-18 00:04:05,478 [main] INFO 23rdNov24_CoverFox - enter pin code
2025-05-18 00:04:05,794 [main] INFO 23rdNov24_CoverFox - enter mobile no
2025-05-18 00:04:06,110 [main] INFO 23rdNov24_CoverFox - Clicking on coverFox address details
2025-05-18 00:04:15,648 [main] WARN 23rdNov24_CoverFox - if test case is failed
